[2018-05-11 17:06:43.652] [sharedprocess] [info] main {"machineId":"612cf5e5973b7fa93c716ad89b92000d4752ed18109a1c78b0a525ac81dac328"}
[2018-05-11 17:06:43.689] [sharedprocess] [info] Scanned user extensions: 0
[2018-05-11 17:06:43.748] [sharedprocess] [info] Scanned system extensions: 69
[2018-05-11 17:06:46.030] [sharedprocess] [info] Scanned user extensions: 0
[2018-05-11 17:06:46.039] [sharedprocess] [info] Scanned user extensions: 0
[2018-05-11 17:06:46.045] [sharedprocess] [info] Scanned user extensions: 0
[2018-05-11 17:06:46.203] [sharedprocess] [info] Scanned system extensions: 69
[2018-05-11 17:06:46.208] [sharedprocess] [info] Scanned system extensions: 69
[2018-05-11 17:06:49.725] [sharedprocess] [info] Scanned user extensions: 0
[2018-05-11 17:07:08.520] [sharedprocess] [info] Scanned user extensions: 0
[2018-05-11 17:07:08.531] [sharedprocess] [info] Scanned user extensions: 0
[2018-05-11 17:07:08.563] [sharedprocess] [info] Scanned user extensions: 0
[2018-05-11 17:07:08.790] [sharedprocess] [info] Scanned system extensions: 69
[2018-05-11 17:07:08.804] [sharedprocess] [info] Scanned system extensions: 69
[2018-05-11 17:07:11.163] [sharedprocess] [info] Scanned user extensions: 0
[2018-05-11 17:07:23.660] [sharedprocess] [info] Starting to clean up unused language packs.
[2018-05-11 17:12:11.188] [sharedprocess] [info] Scanned user extensions: 0
[2018-05-11 17:17:11.197] [sharedprocess] [info] Scanned user extensions: 0
[2018-05-11 17:22:11.215] [sharedprocess] [info] Scanned user extensions: 0
[2018-05-11 17:27:11.223] [sharedprocess] [info] Scanned user extensions: 0
[2018-05-11 17:32:11.230] [sharedprocess] [info] Scanned user extensions: 0
[2018-05-11 17:37:11.235] [sharedprocess] [info] Scanned user extensions: 0
[2018-05-11 17:42:11.246] [sharedprocess] [info] Scanned user extensions: 0
[2018-05-11 17:47:11.253] [sharedprocess] [info] Scanned user extensions: 0
[2018-05-11 17:52:11.262] [sharedprocess] [info] Scanned user extensions: 0
[2018-05-11 17:57:11.270] [sharedprocess] [info] Scanned user extensions: 0
[2018-05-11 18:01:37.835] [sharedprocess] [info] Scanned user extensions: 0
[2018-05-11 18:01:37.836] [sharedprocess] [info] Scanned user extensions: 0
[2018-05-11 18:01:37.836] [sharedprocess] [info] Scanned user extensions: 0
[2018-05-11 18:01:39.685] [sharedprocess] [info] Scanned system extensions: 69
[2018-05-11 18:01:39.687] [sharedprocess] [info] Scanned system extensions: 69
[2018-05-11 18:01:40.502] [sharedprocess] [info] Scanned user extensions: 0
[2018-05-11 18:06:40.677] [sharedprocess] [info] Scanned user extensions: 0
[2018-05-11 18:11:41.066] [sharedprocess] [info] Scanned user extensions: 0
[2018-05-11 18:16:41.073] [sharedprocess] [info] Scanned user extensions: 0
[2018-05-11 18:21:41.082] [sharedprocess] [info] Scanned user extensions: 0
[2018-05-11 18:26:41.090] [sharedprocess] [info] Scanned user extensions: 0
[2018-05-11 18:31:41.097] [sharedprocess] [info] Scanned user extensions: 0
[2018-05-11 18:36:41.104] [sharedprocess] [info] Scanned user extensions: 0
[2018-05-11 18:41:41.111] [sharedprocess] [info] Scanned user extensions: 0
[2018-05-11 18:46:41.118] [sharedprocess] [info] Scanned user extensions: 0
[2018-05-11 18:51:41.127] [sharedprocess] [info] Scanned user extensions: 0
[2018-05-11 18:56:41.134] [sharedprocess] [info] Scanned user extensions: 0
[2018-05-11 19:01:41.141] [sharedprocess] [info] Scanned user extensions: 0
[2018-05-11 19:06:41.148] [sharedprocess] [info] Scanned user extensions: 0
[2018-05-11 19:11:41.575] [sharedprocess] [info] Scanned user extensions: 0
[2018-05-11 19:16:41.581] [sharedprocess] [info] Scanned user extensions: 0
[2018-05-11 19:21:41.589] [sharedprocess] [info] Scanned user extensions: 0
[2018-05-11 19:26:41.597] [sharedprocess] [info] Scanned user extensions: 0
[2018-05-11 19:31:41.605] [sharedprocess] [info] Scanned user extensions: 0
[2018-05-11 19:36:41.612] [sharedprocess] [info] Scanned user extensions: 0
[2018-05-11 19:41:41.621] [sharedprocess] [info] Scanned user extensions: 0
[2018-05-11 19:46:41.629] [sharedprocess] [info] Scanned user extensions: 0
[2018-05-11 19:51:41.637] [sharedprocess] [info] Scanned user extensions: 0
[2018-05-11 19:56:41.646] [sharedprocess] [info] Scanned user extensions: 0
[2018-05-11 20:01:41.652] [sharedprocess] [info] Scanned user extensions: 0
[2018-05-11 20:06:41.659] [sharedprocess] [info] Scanned user extensions: 0
[2018-05-11 20:11:42.083] [sharedprocess] [info] Scanned user extensions: 0
[2018-05-11 20:16:42.093] [sharedprocess] [info] Scanned user extensions: 0
[2018-05-11 20:21:42.101] [sharedprocess] [info] Scanned user extensions: 0
[2018-05-11 20:26:42.109] [sharedprocess] [info] Scanned user extensions: 0
[2018-05-11 20:31:42.118] [sharedprocess] [info] Scanned user extensions: 0
[2018-05-11 20:36:42.125] [sharedprocess] [info] Scanned user extensions: 0
[2018-05-11 20:41:42.135] [sharedprocess] [info] Scanned user extensions: 0
[2018-05-11 20:46:42.143] [sharedprocess] [info] Scanned user extensions: 0
[2018-05-11 20:51:42.150] [sharedprocess] [info] Scanned user extensions: 0
[2018-05-11 20:56:42.160] [sharedprocess] [info] Scanned user extensions: 0
[2018-05-11 21:01:42.166] [sharedprocess] [info] Scanned user extensions: 0
[2018-05-11 21:06:42.173] [sharedprocess] [info] Scanned user extensions: 0
[2018-05-11 21:11:42.868] [sharedprocess] [info] Scanned user extensions: 0
[2018-05-11 21:16:42.878] [sharedprocess] [info] Scanned user extensions: 0
[2018-05-11 21:21:42.884] [sharedprocess] [info] Scanned user extensions: 0
[2018-05-11 21:26:42.890] [sharedprocess] [info] Scanned user extensions: 0
[2018-05-11 21:31:42.897] [sharedprocess] [info] Scanned user extensions: 0
[2018-05-11 21:36:42.904] [sharedprocess] [info] Scanned user extensions: 0
[2018-05-11 21:41:42.909] [sharedprocess] [info] Scanned user extensions: 0
[2018-05-11 21:46:42.916] [sharedprocess] [info] Scanned user extensions: 0
[2018-05-11 21:51:42.923] [sharedprocess] [info] Scanned user extensions: 0
[2018-05-11 21:56:42.928] [sharedprocess] [info] Scanned user extensions: 0
[2018-05-11 22:01:42.936] [sharedprocess] [info] Scanned user extensions: 0
[2018-05-11 22:06:42.943] [sharedprocess] [info] Scanned user extensions: 0
[2018-05-11 22:11:43.386] [sharedprocess] [info] Scanned user extensions: 0
[2018-05-11 22:16:43.393] [sharedprocess] [info] Scanned user extensions: 0
[2018-05-11 22:21:43.399] [sharedprocess] [info] Scanned user extensions: 0
[2018-05-11 22:26:43.405] [sharedprocess] [info] Scanned user extensions: 0
[2018-05-11 22:31:43.412] [sharedprocess] [info] Scanned user extensions: 0
[2018-05-11 22:36:43.420] [sharedprocess] [info] Scanned user extensions: 0
[2018-05-11 22:41:43.427] [sharedprocess] [info] Scanned user extensions: 0
[2018-05-11 22:46:43.433] [sharedprocess] [info] Scanned user extensions: 0
[2018-05-11 22:51:43.440] [sharedprocess] [info] Scanned user extensions: 0
[2018-05-11 22:56:43.447] [sharedprocess] [info] Scanned user extensions: 0
[2018-05-11 23:01:43.453] [sharedprocess] [info] Scanned user extensions: 0
[2018-05-11 23:06:43.460] [sharedprocess] [info] Scanned user extensions: 0
[2018-05-11 23:11:43.906] [sharedprocess] [info] Scanned user extensions: 0
[2018-05-11 23:16:43.912] [sharedprocess] [info] Scanned user extensions: 0
[2018-05-11 23:21:43.920] [sharedprocess] [info] Scanned user extensions: 0
[2018-05-11 23:26:43.926] [sharedprocess] [info] Scanned user extensions: 0
[2018-05-11 23:31:43.933] [sharedprocess] [info] Scanned user extensions: 0
[2018-05-11 23:36:43.939] [sharedprocess] [info] Scanned user extensions: 0
[2018-05-11 23:41:43.946] [sharedprocess] [info] Scanned user extensions: 0
[2018-05-11 23:46:43.955] [sharedprocess] [info] Scanned user extensions: 0
[2018-05-11 23:51:43.961] [sharedprocess] [info] Scanned user extensions: 0
[2018-05-11 23:56:43.968] [sharedprocess] [info] Scanned user extensions: 0
[2018-05-12 00:01:43.974] [sharedprocess] [info] Scanned user extensions: 0
[2018-05-12 00:06:43.981] [sharedprocess] [info] Scanned user extensions: 0
[2018-05-12 00:11:44.342] [sharedprocess] [info] Scanned user extensions: 0
[2018-05-12 00:16:44.349] [sharedprocess] [info] Scanned user extensions: 0
[2018-05-12 00:21:44.357] [sharedprocess] [info] Scanned user extensions: 0
[2018-05-12 00:26:44.363] [sharedprocess] [info] Scanned user extensions: 0
[2018-05-12 00:31:44.370] [sharedprocess] [info] Scanned user extensions: 0
[2018-05-12 00:36:44.376] [sharedprocess] [info] Scanned user extensions: 0
[2018-05-12 00:41:44.383] [sharedprocess] [info] Scanned user extensions: 0
[2018-05-12 00:46:44.389] [sharedprocess] [info] Scanned user extensions: 0
[2018-05-12 00:51:44.395] [sharedprocess] [info] Scanned user extensions: 0
[2018-05-12 00:56:44.401] [sharedprocess] [info] Scanned user extensions: 0
[2018-05-12 01:01:44.408] [sharedprocess] [info] Scanned user extensions: 0
[2018-05-12 01:06:44.415] [sharedprocess] [info] Scanned user extensions: 0
[2018-05-12 01:11:44.833] [sharedprocess] [info] Scanned user extensions: 0
[2018-05-12 01:16:44.840] [sharedprocess] [info] Scanned user extensions: 0
[2018-05-12 01:21:44.847] [sharedprocess] [info] Scanned user extensions: 0
[2018-05-12 01:26:44.854] [sharedprocess] [info] Scanned user extensions: 0
[2018-05-12 01:31:44.860] [sharedprocess] [info] Scanned user extensions: 0
[2018-05-12 01:36:44.867] [sharedprocess] [info] Scanned user extensions: 0
[2018-05-12 01:41:44.874] [sharedprocess] [info] Scanned user extensions: 0
[2018-05-12 01:46:44.880] [sharedprocess] [info] Scanned user extensions: 0
[2018-05-12 01:51:44.887] [sharedprocess] [info] Scanned user extensions: 0
[2018-05-12 01:56:44.894] [sharedprocess] [info] Scanned user extensions: 0
[2018-05-12 02:01:44.901] [sharedprocess] [info] Scanned user extensions: 0
[2018-05-12 02:06:44.908] [sharedprocess] [info] Scanned user extensions: 0
[2018-05-12 02:11:45.366] [sharedprocess] [info] Scanned user extensions: 0
[2018-05-12 02:16:45.382] [sharedprocess] [info] Scanned user extensions: 0
[2018-05-12 02:21:45.390] [sharedprocess] [info] Scanned user extensions: 0
[2018-05-12 02:26:45.397] [sharedprocess] [info] Scanned user extensions: 0
[2018-05-12 02:31:45.403] [sharedprocess] [info] Scanned user extensions: 0
[2018-05-12 02:36:45.409] [sharedprocess] [info] Scanned user extensions: 0
[2018-05-12 02:41:45.416] [sharedprocess] [info] Scanned user extensions: 0
[2018-05-12 02:46:45.423] [sharedprocess] [info] Scanned user extensions: 0
[2018-05-12 02:51:45.430] [sharedprocess] [info] Scanned user extensions: 0
[2018-05-12 02:56:45.437] [sharedprocess] [info] Scanned user extensions: 0
[2018-05-12 03:01:45.450] [sharedprocess] [info] Scanned user extensions: 0
[2018-05-12 03:06:45.459] [sharedprocess] [info] Scanned user extensions: 0
[2018-05-12 03:11:45.873] [sharedprocess] [info] Scanned user extensions: 0
[2018-05-12 03:16:45.879] [sharedprocess] [info] Scanned user extensions: 0
[2018-05-12 03:21:45.885] [sharedprocess] [info] Scanned user extensions: 0
[2018-05-12 03:26:45.892] [sharedprocess] [info] Scanned user extensions: 0
[2018-05-12 03:31:45.898] [sharedprocess] [info] Scanned user extensions: 0
[2018-05-12 03:36:45.905] [sharedprocess] [info] Scanned user extensions: 0
[2018-05-12 03:41:45.911] [sharedprocess] [info] Scanned user extensions: 0
[2018-05-12 03:46:45.918] [sharedprocess] [info] Scanned user extensions: 0
[2018-05-12 03:51:45.925] [sharedprocess] [info] Scanned user extensions: 0
[2018-05-12 03:56:45.932] [sharedprocess] [info] Scanned user extensions: 0
[2018-05-12 04:01:45.948] [sharedprocess] [info] Scanned user extensions: 0
[2018-05-12 04:06:45.989] [sharedprocess] [info] Scanned user extensions: 0
[2018-05-12 04:11:46.390] [sharedprocess] [info] Scanned user extensions: 0
[2018-05-12 04:16:46.396] [sharedprocess] [info] Scanned user extensions: 0
[2018-05-12 04:21:46.402] [sharedprocess] [info] Scanned user extensions: 0
[2018-05-12 04:26:46.409] [sharedprocess] [info] Scanned user extensions: 0
[2018-05-12 04:31:46.415] [sharedprocess] [info] Scanned user extensions: 0
[2018-05-12 04:36:46.422] [sharedprocess] [info] Scanned user extensions: 0
[2018-05-12 04:41:46.458] [sharedprocess] [info] Scanned user extensions: 0
[2018-05-12 04:46:46.464] [sharedprocess] [info] Scanned user extensions: 0
[2018-05-12 04:51:46.470] [sharedprocess] [info] Scanned user extensions: 0
[2018-05-12 04:56:46.519] [sharedprocess] [info] Scanned user extensions: 0
[2018-05-12 05:01:46.625] [sharedprocess] [info] Scanned user extensions: 0
[2018-05-12 05:06:46.637] [sharedprocess] [info] Scanned user extensions: 0
[2018-05-12 05:11:47.050] [sharedprocess] [info] Scanned user extensions: 0
[2018-05-12 05:16:47.056] [sharedprocess] [info] Scanned user extensions: 0
[2018-05-12 05:21:47.062] [sharedprocess] [info] Scanned user extensions: 0
[2018-05-12 05:26:47.069] [sharedprocess] [info] Scanned user extensions: 0
[2018-05-12 05:31:47.075] [sharedprocess] [info] Scanned user extensions: 0
[2018-05-12 05:36:47.085] [sharedprocess] [info] Scanned user extensions: 0
[2018-05-12 05:41:47.091] [sharedprocess] [info] Scanned user extensions: 0
[2018-05-12 05:46:47.098] [sharedprocess] [info] Scanned user extensions: 0
[2018-05-12 05:51:47.104] [sharedprocess] [info] Scanned user extensions: 0
[2018-05-12 05:56:47.110] [sharedprocess] [info] Scanned user extensions: 0
[2018-05-12 06:01:47.117] [sharedprocess] [info] Scanned user extensions: 0
[2018-05-12 06:06:47.123] [sharedprocess] [info] Scanned user extensions: 0
[2018-05-12 06:11:47.563] [sharedprocess] [info] Scanned user extensions: 0
[2018-05-12 06:16:47.569] [sharedprocess] [info] Scanned user extensions: 0
[2018-05-12 06:21:47.576] [sharedprocess] [info] Scanned user extensions: 0
[2018-05-12 06:26:47.582] [sharedprocess] [info] Scanned user extensions: 0
[2018-05-12 06:31:47.588] [sharedprocess] [info] Scanned user extensions: 0
[2018-05-12 06:36:47.595] [sharedprocess] [info] Scanned user extensions: 0
[2018-05-12 06:41:47.601] [sharedprocess] [info] Scanned user extensions: 0
[2018-05-12 06:46:47.609] [sharedprocess] [info] Scanned user extensions: 0
[2018-05-12 06:51:47.615] [sharedprocess] [info] Scanned user extensions: 0
[2018-05-12 06:56:47.623] [sharedprocess] [info] Scanned user extensions: 0
[2018-05-12 07:01:47.629] [sharedprocess] [info] Scanned user extensions: 0
[2018-05-12 07:06:47.636] [sharedprocess] [info] Scanned user extensions: 0
[2018-05-12 07:11:48.061] [sharedprocess] [info] Scanned user extensions: 0
[2018-05-12 07:16:48.070] [sharedprocess] [info] Scanned user extensions: 0
[2018-05-12 07:21:48.079] [sharedprocess] [info] Scanned user extensions: 0
[2018-05-12 07:26:48.121] [sharedprocess] [info] Scanned user extensions: 0
[2018-05-12 07:31:48.127] [sharedprocess] [info] Scanned user extensions: 0
[2018-05-12 07:36:48.134] [sharedprocess] [info] Scanned user extensions: 0
[2018-05-12 07:41:48.141] [sharedprocess] [info] Scanned user extensions: 0
[2018-05-12 07:46:48.716] [sharedprocess] [info] Scanned user extensions: 0
[2018-05-12 07:51:48.723] [sharedprocess] [info] Scanned user extensions: 0
[2018-05-12 07:56:48.729] [sharedprocess] [info] Scanned user extensions: 0
[2018-05-12 08:01:48.736] [sharedprocess] [info] Scanned user extensions: 0
[2018-05-12 08:06:48.742] [sharedprocess] [info] Scanned user extensions: 0
[2018-05-12 08:11:49.137] [sharedprocess] [info] Scanned user extensions: 0
[2018-05-12 08:16:49.145] [sharedprocess] [info] Scanned user extensions: 0
[2018-05-12 08:21:49.151] [sharedprocess] [info] Scanned user extensions: 0
[2018-05-12 08:26:49.158] [sharedprocess] [info] Scanned user extensions: 0
[2018-05-12 08:31:49.268] [sharedprocess] [info] Scanned user extensions: 0
[2018-05-12 08:36:49.279] [sharedprocess] [info] Scanned user extensions: 0
[2018-05-12 08:41:49.286] [sharedprocess] [info] Scanned user extensions: 0
[2018-05-12 08:46:49.292] [sharedprocess] [info] Scanned user extensions: 0
[2018-05-12 08:51:49.298] [sharedprocess] [info] Scanned user extensions: 0
[2018-05-12 08:56:49.304] [sharedprocess] [info] Scanned user extensions: 0
[2018-05-12 09:01:49.311] [sharedprocess] [info] Scanned user extensions: 0
[2018-05-12 09:06:49.317] [sharedprocess] [info] Scanned user extensions: 0
[2018-05-12 09:11:49.733] [sharedprocess] [info] Scanned user extensions: 0
[2018-05-12 09:16:49.740] [sharedprocess] [info] Scanned user extensions: 0
[2018-05-12 09:21:49.747] [sharedprocess] [info] Scanned user extensions: 0
[2018-05-12 09:26:49.753] [sharedprocess] [info] Scanned user extensions: 0
[2018-05-12 09:31:49.759] [sharedprocess] [info] Scanned user extensions: 0
[2018-05-12 09:36:49.765] [sharedprocess] [info] Scanned user extensions: 0
[2018-05-12 09:41:49.772] [sharedprocess] [info] Scanned user extensions: 0
[2018-05-12 09:46:49.778] [sharedprocess] [info] Scanned user extensions: 0
[2018-05-12 09:51:49.784] [sharedprocess] [info] Scanned user extensions: 0
[2018-05-12 09:56:49.790] [sharedprocess] [info] Scanned user extensions: 0
[2018-05-12 10:01:49.797] [sharedprocess] [info] Scanned user extensions: 0
[2018-05-12 10:06:49.803] [sharedprocess] [info] Scanned user extensions: 0
[2018-05-12 10:11:50.157] [sharedprocess] [info] Scanned user extensions: 0
[2018-05-12 10:16:50.164] [sharedprocess] [info] Scanned user extensions: 0
[2018-05-12 10:21:50.171] [sharedprocess] [info] Scanned user extensions: 0
[2018-05-12 10:26:50.179] [sharedprocess] [info] Scanned user extensions: 0
[2018-05-12 10:31:50.197] [sharedprocess] [info] Scanned user extensions: 0
[2018-05-12 10:36:50.204] [sharedprocess] [info] Scanned user extensions: 0
[2018-05-12 10:41:50.210] [sharedprocess] [info] Scanned user extensions: 0
[2018-05-12 10:46:50.216] [sharedprocess] [info] Scanned user extensions: 0
[2018-05-12 10:51:50.249] [sharedprocess] [info] Scanned user extensions: 0
[2018-05-12 10:56:50.256] [sharedprocess] [info] Scanned user extensions: 0
[2018-05-12 11:01:50.262] [sharedprocess] [info] Scanned user extensions: 0
[2018-05-12 11:06:50.268] [sharedprocess] [info] Scanned user extensions: 0
[2018-05-12 11:11:50.766] [sharedprocess] [info] Scanned user extensions: 0
[2018-05-12 11:16:50.772] [sharedprocess] [info] Scanned user extensions: 0
[2018-05-12 11:21:50.780] [sharedprocess] [info] Scanned user extensions: 0
[2018-05-12 11:26:50.787] [sharedprocess] [info] Scanned user extensions: 0
[2018-05-12 11:31:50.792] [sharedprocess] [info] Scanned user extensions: 0
[2018-05-12 11:36:50.800] [sharedprocess] [info] Scanned user extensions: 0
[2018-05-12 11:41:50.806] [sharedprocess] [info] Scanned user extensions: 0
[2018-05-12 11:46:50.812] [sharedprocess] [info] Scanned user extensions: 0
[2018-05-12 11:51:50.818] [sharedprocess] [info] Scanned user extensions: 0
[2018-05-12 11:56:50.824] [sharedprocess] [info] Scanned user extensions: 0
[2018-05-12 12:01:50.833] [sharedprocess] [info] Scanned user extensions: 0
[2018-05-12 12:06:50.839] [sharedprocess] [info] Scanned user extensions: 0
[2018-05-12 12:11:51.213] [sharedprocess] [info] Scanned user extensions: 0
[2018-05-12 12:16:51.220] [sharedprocess] [info] Scanned user extensions: 0
[2018-05-12 12:21:51.228] [sharedprocess] [info] Scanned user extensions: 0
[2018-05-12 12:26:51.234] [sharedprocess] [info] Scanned user extensions: 0
[2018-05-12 12:31:51.240] [sharedprocess] [info] Scanned user extensions: 0
[2018-05-12 12:36:51.246] [sharedprocess] [info] Scanned user extensions: 0
[2018-05-12 12:41:51.252] [sharedprocess] [info] Scanned user extensions: 0
[2018-05-12 12:46:51.258] [sharedprocess] [info] Scanned user extensions: 0
[2018-05-12 12:51:51.265] [sharedprocess] [info] Scanned user extensions: 0
[2018-05-12 12:56:51.271] [sharedprocess] [info] Scanned user extensions: 0
[2018-05-12 13:01:51.278] [sharedprocess] [info] Scanned user extensions: 0
[2018-05-12 13:06:51.284] [sharedprocess] [info] Scanned user extensions: 0
[2018-05-12 13:11:51.653] [sharedprocess] [info] Scanned user extensions: 0
[2018-05-12 13:16:51.660] [sharedprocess] [info] Scanned user extensions: 0
[2018-05-12 13:21:51.668] [sharedprocess] [info] Scanned user extensions: 0
[2018-05-12 13:26:51.674] [sharedprocess] [info] Scanned user extensions: 0
[2018-05-12 13:31:51.680] [sharedprocess] [info] Scanned user extensions: 0
[2018-05-12 13:36:51.687] [sharedprocess] [info] Scanned user extensions: 0
[2018-05-12 13:41:51.693] [sharedprocess] [info] Scanned user extensions: 0
[2018-05-12 13:46:51.699] [sharedprocess] [info] Scanned user extensions: 0
[2018-05-12 13:51:51.706] [sharedprocess] [info] Scanned user extensions: 0
[2018-05-12 13:56:51.712] [sharedprocess] [info] Scanned user extensions: 0
[2018-05-12 14:01:51.718] [sharedprocess] [info] Scanned user extensions: 0
[2018-05-12 14:06:51.725] [sharedprocess] [info] Scanned user extensions: 0
[2018-05-12 14:11:52.131] [sharedprocess] [info] Scanned user extensions: 0
[2018-05-12 14:16:52.137] [sharedprocess] [info] Scanned user extensions: 0
[2018-05-12 14:21:52.145] [sharedprocess] [info] Scanned user extensions: 0
[2018-05-12 14:26:52.153] [sharedprocess] [info] Scanned user extensions: 0
[2018-05-12 14:31:52.160] [sharedprocess] [info] Scanned user extensions: 0
[2018-05-12 14:36:52.166] [sharedprocess] [info] Scanned user extensions: 0
[2018-05-12 14:41:52.172] [sharedprocess] [info] Scanned user extensions: 0
[2018-05-12 14:46:52.178] [sharedprocess] [info] Scanned user extensions: 0
[2018-05-12 14:51:52.184] [sharedprocess] [info] Scanned user extensions: 0
[2018-05-12 14:56:52.190] [sharedprocess] [info] Scanned user extensions: 0
[2018-05-12 15:01:52.201] [sharedprocess] [info] Scanned user extensions: 0
[2018-05-12 15:06:52.207] [sharedprocess] [info] Scanned user extensions: 0
[2018-05-12 15:11:52.590] [sharedprocess] [info] Scanned user extensions: 0
[2018-05-12 15:16:52.597] [sharedprocess] [info] Scanned user extensions: 0
[2018-05-12 15:21:52.604] [sharedprocess] [info] Scanned user extensions: 0
[2018-05-12 15:26:52.610] [sharedprocess] [info] Scanned user extensions: 0
[2018-05-12 15:31:52.617] [sharedprocess] [info] Scanned user extensions: 0
[2018-05-12 15:36:52.624] [sharedprocess] [info] Scanned user extensions: 0
[2018-05-12 15:41:52.630] [sharedprocess] [info] Scanned user extensions: 0
[2018-05-12 15:46:52.637] [sharedprocess] [info] Scanned user extensions: 0
[2018-05-12 15:51:52.644] [sharedprocess] [info] Scanned user extensions: 0
[2018-05-12 15:56:52.664] [sharedprocess] [info] Scanned user extensions: 0
[2018-05-12 16:01:52.671] [sharedprocess] [info] Scanned user extensions: 0
[2018-05-12 16:06:52.677] [sharedprocess] [info] Scanned user extensions: 0
[2018-05-12 16:11:53.135] [sharedprocess] [info] Scanned user extensions: 0
[2018-05-12 16:16:53.141] [sharedprocess] [info] Scanned user extensions: 0
[2018-05-12 16:21:53.148] [sharedprocess] [info] Scanned user extensions: 0
[2018-05-12 16:26:53.155] [sharedprocess] [info] Scanned user extensions: 0
[2018-05-12 16:31:53.160] [sharedprocess] [info] Scanned user extensions: 0
[2018-05-12 16:36:53.165] [sharedprocess] [info] Scanned user extensions: 0
[2018-05-12 16:41:53.171] [sharedprocess] [info] Scanned user extensions: 0
[2018-05-12 16:46:53.177] [sharedprocess] [info] Scanned user extensions: 0
[2018-05-12 16:51:53.182] [sharedprocess] [info] Scanned user extensions: 0
[2018-05-12 16:56:53.188] [sharedprocess] [info] Scanned user extensions: 0
[2018-05-12 17:01:53.193] [sharedprocess] [info] Scanned user extensions: 0
[2018-05-12 17:06:53.210] [sharedprocess] [info] Scanned user extensions: 0
[2018-05-12 17:11:53.654] [sharedprocess] [info] Scanned user extensions: 0
[2018-05-12 17:16:53.660] [sharedprocess] [info] Scanned user extensions: 0
[2018-05-12 17:21:53.667] [sharedprocess] [info] Scanned user extensions: 0
[2018-05-12 17:26:53.674] [sharedprocess] [info] Scanned user extensions: 0
[2018-05-12 17:31:53.681] [sharedprocess] [info] Scanned user extensions: 0
[2018-05-12 17:36:53.687] [sharedprocess] [info] Scanned user extensions: 0
[2018-05-12 17:41:53.694] [sharedprocess] [info] Scanned user extensions: 0
[2018-05-12 17:46:53.700] [sharedprocess] [info] Scanned user extensions: 0
[2018-05-12 17:51:53.707] [sharedprocess] [info] Scanned user extensions: 0
[2018-05-12 17:56:53.713] [sharedprocess] [info] Scanned user extensions: 0
[2018-05-12 18:01:53.719] [sharedprocess] [info] Scanned user extensions: 0
[2018-05-12 18:06:53.727] [sharedprocess] [info] Scanned user extensions: 0
[2018-05-12 18:11:54.205] [sharedprocess] [info] Scanned user extensions: 0
[2018-05-12 18:16:54.212] [sharedprocess] [info] Scanned user extensions: 0
[2018-05-12 18:21:54.218] [sharedprocess] [info] Scanned user extensions: 0
[2018-05-12 18:26:54.227] [sharedprocess] [info] Scanned user extensions: 0
[2018-05-12 18:31:54.233] [sharedprocess] [info] Scanned user extensions: 0
[2018-05-12 18:36:54.239] [sharedprocess] [info] Scanned user extensions: 0
[2018-05-12 18:41:54.245] [sharedprocess] [info] Scanned user extensions: 0
[2018-05-12 18:46:54.251] [sharedprocess] [info] Scanned user extensions: 0
[2018-05-12 18:51:54.257] [sharedprocess] [info] Scanned user extensions: 0
[2018-05-12 18:56:54.264] [sharedprocess] [info] Scanned user extensions: 0
[2018-05-12 19:01:54.271] [sharedprocess] [info] Scanned user extensions: 0
[2018-05-12 19:06:54.278] [sharedprocess] [info] Scanned user extensions: 0
[2018-05-12 19:11:54.674] [sharedprocess] [info] Scanned user extensions: 0
[2018-05-12 19:16:54.680] [sharedprocess] [info] Scanned user extensions: 0
[2018-05-12 19:21:54.687] [sharedprocess] [info] Scanned user extensions: 0
[2018-05-12 19:26:54.693] [sharedprocess] [info] Scanned user extensions: 0
[2018-05-12 19:31:54.700] [sharedprocess] [info] Scanned user extensions: 0
[2018-05-12 19:36:54.706] [sharedprocess] [info] Scanned user extensions: 0
[2018-05-12 19:41:54.713] [sharedprocess] [info] Scanned user extensions: 0
[2018-05-12 19:46:54.719] [sharedprocess] [info] Scanned user extensions: 0
[2018-05-12 19:51:54.726] [sharedprocess] [info] Scanned user extensions: 0
[2018-05-12 19:56:54.734] [sharedprocess] [info] Scanned user extensions: 0
[2018-05-12 20:01:54.740] [sharedprocess] [info] Scanned user extensions: 0
[2018-05-12 20:06:54.747] [sharedprocess] [info] Scanned user extensions: 0
[2018-05-12 20:11:55.150] [sharedprocess] [info] Scanned user extensions: 0
[2018-05-12 20:16:55.156] [sharedprocess] [info] Scanned user extensions: 0
[2018-05-12 20:21:55.162] [sharedprocess] [info] Scanned user extensions: 0
[2018-05-12 20:26:55.170] [sharedprocess] [info] Scanned user extensions: 0
[2018-05-12 20:31:55.176] [sharedprocess] [info] Scanned user extensions: 0
[2018-05-12 20:36:55.182] [sharedprocess] [info] Scanned user extensions: 0
[2018-05-12 20:41:55.189] [sharedprocess] [info] Scanned user extensions: 0
[2018-05-12 20:46:55.201] [sharedprocess] [info] Scanned user extensions: 0
[2018-05-12 20:51:55.207] [sharedprocess] [info] Scanned user extensions: 0
[2018-05-12 20:56:55.213] [sharedprocess] [info] Scanned user extensions: 0
[2018-05-12 21:01:55.219] [sharedprocess] [info] Scanned user extensions: 0
[2018-05-12 21:06:55.225] [sharedprocess] [info] Scanned user extensions: 0
[2018-05-12 21:11:55.597] [sharedprocess] [info] Scanned user extensions: 0
[2018-05-12 21:16:55.604] [sharedprocess] [info] Scanned user extensions: 0
[2018-05-12 21:21:55.610] [sharedprocess] [info] Scanned user extensions: 0
[2018-05-12 21:26:55.617] [sharedprocess] [info] Scanned user extensions: 0
[2018-05-12 21:31:55.623] [sharedprocess] [info] Scanned user extensions: 0
[2018-05-12 21:36:55.630] [sharedprocess] [info] Scanned user extensions: 0
[2018-05-12 21:41:55.637] [sharedprocess] [info] Scanned user extensions: 0
[2018-05-12 21:46:55.643] [sharedprocess] [info] Scanned user extensions: 0
[2018-05-12 21:51:55.650] [sharedprocess] [info] Scanned user extensions: 0
[2018-05-12 21:56:55.656] [sharedprocess] [info] Scanned user extensions: 0
[2018-05-12 22:01:55.662] [sharedprocess] [info] Scanned user extensions: 0
[2018-05-12 22:06:55.669] [sharedprocess] [info] Scanned user extensions: 0
[2018-05-12 22:11:56.041] [sharedprocess] [info] Scanned user extensions: 0
[2018-05-12 22:16:56.048] [sharedprocess] [info] Scanned user extensions: 0
[2018-05-12 22:21:56.054] [sharedprocess] [info] Scanned user extensions: 0
[2018-05-12 22:26:56.060] [sharedprocess] [info] Scanned user extensions: 0
[2018-05-12 22:31:56.067] [sharedprocess] [info] Scanned user extensions: 0
[2018-05-12 22:36:56.074] [sharedprocess] [info] Scanned user extensions: 0
[2018-05-12 22:41:56.080] [sharedprocess] [info] Scanned user extensions: 0
[2018-05-12 22:46:56.087] [sharedprocess] [info] Scanned user extensions: 0
[2018-05-12 22:51:56.093] [sharedprocess] [info] Scanned user extensions: 0
[2018-05-12 22:56:56.099] [sharedprocess] [info] Scanned user extensions: 0
[2018-05-12 23:01:56.105] [sharedprocess] [info] Scanned user extensions: 0
[2018-05-12 23:06:56.111] [sharedprocess] [info] Scanned user extensions: 0
[2018-05-12 23:11:56.489] [sharedprocess] [info] Scanned user extensions: 0
[2018-05-12 23:16:56.495] [sharedprocess] [info] Scanned user extensions: 0
[2018-05-12 23:21:56.502] [sharedprocess] [info] Scanned user extensions: 0
[2018-05-12 23:26:56.508] [sharedprocess] [info] Scanned user extensions: 0
[2018-05-12 23:31:56.514] [sharedprocess] [info] Scanned user extensions: 0
[2018-05-12 23:36:56.520] [sharedprocess] [info] Scanned user extensions: 0
[2018-05-12 23:41:56.527] [sharedprocess] [info] Scanned user extensions: 0
[2018-05-12 23:46:56.533] [sharedprocess] [info] Scanned user extensions: 0
[2018-05-12 23:51:56.539] [sharedprocess] [info] Scanned user extensions: 0
[2018-05-12 23:56:56.545] [sharedprocess] [info] Scanned user extensions: 0
[2018-05-13 00:01:56.552] [sharedprocess] [info] Scanned user extensions: 0
[2018-05-13 00:06:56.558] [sharedprocess] [info] Scanned user extensions: 0
[2018-05-13 00:11:57.222] [sharedprocess] [info] Scanned user extensions: 0
[2018-05-13 00:16:57.229] [sharedprocess] [info] Scanned user extensions: 0
[2018-05-13 00:21:57.235] [sharedprocess] [info] Scanned user extensions: 0
[2018-05-13 00:26:57.241] [sharedprocess] [info] Scanned user extensions: 0
[2018-05-13 00:31:57.247] [sharedprocess] [info] Scanned user extensions: 0
[2018-05-13 00:36:57.254] [sharedprocess] [info] Scanned user extensions: 0
[2018-05-13 00:41:57.260] [sharedprocess] [info] Scanned user extensions: 0
[2018-05-13 00:46:57.266] [sharedprocess] [info] Scanned user extensions: 0
[2018-05-13 00:51:57.275] [sharedprocess] [info] Scanned user extensions: 0
[2018-05-13 00:56:57.286] [sharedprocess] [info] Scanned user extensions: 0
[2018-05-13 01:01:57.292] [sharedprocess] [info] Scanned user extensions: 0
[2018-05-13 01:06:57.300] [sharedprocess] [info] Scanned user extensions: 0
[2018-05-13 01:11:57.726] [sharedprocess] [info] Scanned user extensions: 0
[2018-05-13 01:16:57.732] [sharedprocess] [info] Scanned user extensions: 0
[2018-05-13 01:21:57.739] [sharedprocess] [info] Scanned user extensions: 0
[2018-05-13 01:26:57.745] [sharedprocess] [info] Scanned user extensions: 0
[2018-05-13 01:31:57.751] [sharedprocess] [info] Scanned user extensions: 0
[2018-05-13 01:36:57.757] [sharedprocess] [info] Scanned user extensions: 0
[2018-05-13 01:41:57.764] [sharedprocess] [info] Scanned user extensions: 0
[2018-05-13 01:46:57.771] [sharedprocess] [info] Scanned user extensions: 0
[2018-05-13 01:51:57.778] [sharedprocess] [info] Scanned user extensions: 0
[2018-05-13 01:56:57.789] [sharedprocess] [info] Scanned user extensions: 0
[2018-05-13 02:01:57.796] [sharedprocess] [info] Scanned user extensions: 0
[2018-05-13 02:06:57.802] [sharedprocess] [info] Scanned user extensions: 0
[2018-05-13 02:11:58.213] [sharedprocess] [info] Scanned user extensions: 0
[2018-05-13 02:16:58.219] [sharedprocess] [info] Scanned user extensions: 0
[2018-05-13 02:21:58.226] [sharedprocess] [info] Scanned user extensions: 0
[2018-05-13 02:26:58.232] [sharedprocess] [info] Scanned user extensions: 0
[2018-05-13 02:31:58.239] [sharedprocess] [info] Scanned user extensions: 0
[2018-05-13 02:36:58.249] [sharedprocess] [info] Scanned user extensions: 0
[2018-05-13 02:41:58.256] [sharedprocess] [info] Scanned user extensions: 0
[2018-05-13 02:46:58.264] [sharedprocess] [info] Scanned user extensions: 0
[2018-05-13 02:51:58.270] [sharedprocess] [info] Scanned user extensions: 0
[2018-05-13 02:56:58.276] [sharedprocess] [info] Scanned user extensions: 0
[2018-05-13 03:01:58.282] [sharedprocess] [info] Scanned user extensions: 0
[2018-05-13 03:06:58.289] [sharedprocess] [info] Scanned user extensions: 0
[2018-05-13 03:11:58.714] [sharedprocess] [info] Scanned user extensions: 0
[2018-05-13 03:16:58.720] [sharedprocess] [info] Scanned user extensions: 0
[2018-05-13 03:21:58.727] [sharedprocess] [info] Scanned user extensions: 0
[2018-05-13 03:26:58.733] [sharedprocess] [info] Scanned user extensions: 0
[2018-05-13 03:31:58.739] [sharedprocess] [info] Scanned user extensions: 0
[2018-05-13 03:36:58.747] [sharedprocess] [info] Scanned user extensions: 0
[2018-05-13 03:41:58.753] [sharedprocess] [info] Scanned user extensions: 0
[2018-05-13 03:46:58.760] [sharedprocess] [info] Scanned user extensions: 0
[2018-05-13 03:51:58.766] [sharedprocess] [info] Scanned user extensions: 0
[2018-05-13 03:56:58.772] [sharedprocess] [info] Scanned user extensions: 0
[2018-05-13 04:01:58.778] [sharedprocess] [info] Scanned user extensions: 0
[2018-05-13 04:06:58.784] [sharedprocess] [info] Scanned user extensions: 0
[2018-05-13 04:11:59.190] [sharedprocess] [info] Scanned user extensions: 0
[2018-05-13 04:16:59.196] [sharedprocess] [info] Scanned user extensions: 0
[2018-05-13 04:21:59.203] [sharedprocess] [info] Scanned user extensions: 0
[2018-05-13 04:26:59.210] [sharedprocess] [info] Scanned user extensions: 0
[2018-05-13 04:31:59.216] [sharedprocess] [info] Scanned user extensions: 0
[2018-05-13 04:37:01.491] [sharedprocess] [info] Scanned user extensions: 0
[2018-05-13 04:42:01.527] [sharedprocess] [info] Scanned user extensions: 0
[2018-05-13 04:47:01.533] [sharedprocess] [info] Scanned user extensions: 0
[2018-05-13 04:52:01.540] [sharedprocess] [info] Scanned user extensions: 0
[2018-05-13 04:57:01.546] [sharedprocess] [info] Scanned user extensions: 0
[2018-05-13 05:02:01.553] [sharedprocess] [info] Scanned user extensions: 0
[2018-05-13 05:07:01.559] [sharedprocess] [info] Scanned user extensions: 0
[2018-05-13 05:12:02.391] [sharedprocess] [info] Scanned user extensions: 0
[2018-05-13 05:17:02.491] [sharedprocess] [info] Scanned user extensions: 0
[2018-05-13 05:22:02.497] [sharedprocess] [info] Scanned user extensions: 0
[2018-05-13 05:27:02.503] [sharedprocess] [info] Scanned user extensions: 0
[2018-05-13 05:32:02.509] [sharedprocess] [info] Scanned user extensions: 0
[2018-05-13 05:37:02.515] [sharedprocess] [info] Scanned user extensions: 0
[2018-05-13 05:42:02.521] [sharedprocess] [info] Scanned user extensions: 0
[2018-05-13 05:47:02.527] [sharedprocess] [info] Scanned user extensions: 0
[2018-05-13 05:52:02.534] [sharedprocess] [info] Scanned user extensions: 0
[2018-05-13 05:57:02.540] [sharedprocess] [info] Scanned user extensions: 0
[2018-05-13 06:02:02.546] [sharedprocess] [info] Scanned user extensions: 0
[2018-05-13 06:07:02.631] [sharedprocess] [info] Scanned user extensions: 0
[2018-05-13 06:12:03.082] [sharedprocess] [info] Scanned user extensions: 0
[2018-05-13 06:17:03.089] [sharedprocess] [info] Scanned user extensions: 0
[2018-05-13 06:22:03.096] [sharedprocess] [info] Scanned user extensions: 0
[2018-05-13 06:27:03.116] [sharedprocess] [info] Scanned user extensions: 0
[2018-05-13 06:32:03.133] [sharedprocess] [info] Scanned user extensions: 0
[2018-05-13 06:37:03.139] [sharedprocess] [info] Scanned user extensions: 0
[2018-05-13 06:42:03.146] [sharedprocess] [info] Scanned user extensions: 0
[2018-05-13 06:47:03.152] [sharedprocess] [info] Scanned user extensions: 0
[2018-05-13 06:52:03.159] [sharedprocess] [info] Scanned user extensions: 0
[2018-05-13 06:57:03.166] [sharedprocess] [info] Scanned user extensions: 0
[2018-05-13 07:02:03.172] [sharedprocess] [info] Scanned user extensions: 0
[2018-05-13 07:07:03.178] [sharedprocess] [info] Scanned user extensions: 0
[2018-05-13 07:12:03.610] [sharedprocess] [info] Scanned user extensions: 0
[2018-05-13 07:17:03.616] [sharedprocess] [info] Scanned user extensions: 0
[2018-05-13 07:22:03.622] [sharedprocess] [info] Scanned user extensions: 0
[2018-05-13 07:27:03.628] [sharedprocess] [info] Scanned user extensions: 0
[2018-05-13 07:32:03.634] [sharedprocess] [info] Scanned user extensions: 0
[2018-05-13 07:37:03.641] [sharedprocess] [info] Scanned user extensions: 0
[2018-05-13 07:42:03.649] [sharedprocess] [info] Scanned user extensions: 0
[2018-05-13 07:47:03.665] [sharedprocess] [info] Scanned user extensions: 0
[2018-05-13 07:52:03.671] [sharedprocess] [info] Scanned user extensions: 0
[2018-05-13 07:57:03.678] [sharedprocess] [info] Scanned user extensions: 0
[2018-05-13 08:02:03.686] [sharedprocess] [info] Scanned user extensions: 0
[2018-05-13 08:07:03.693] [sharedprocess] [info] Scanned user extensions: 0
[2018-05-13 08:12:04.101] [sharedprocess] [info] Scanned user extensions: 0
[2018-05-13 08:17:04.623] [sharedprocess] [info] Scanned user extensions: 0
[2018-05-13 08:22:04.630] [sharedprocess] [info] Scanned user extensions: 0
[2018-05-13 08:27:04.637] [sharedprocess] [info] Scanned user extensions: 0
[2018-05-13 08:32:04.644] [sharedprocess] [info] Scanned user extensions: 0
[2018-05-13 08:37:04.651] [sharedprocess] [info] Scanned user extensions: 0
[2018-05-13 08:42:04.657] [sharedprocess] [info] Scanned user extensions: 0
[2018-05-13 08:47:04.663] [sharedprocess] [info] Scanned user extensions: 0
[2018-05-13 08:52:04.670] [sharedprocess] [info] Scanned user extensions: 0
[2018-05-13 08:57:04.676] [sharedprocess] [info] Scanned user extensions: 0
[2018-05-13 09:02:04.682] [sharedprocess] [info] Scanned user extensions: 0
[2018-05-13 09:07:04.688] [sharedprocess] [info] Scanned user extensions: 0
[2018-05-13 09:12:05.090] [sharedprocess] [info] Scanned user extensions: 0
[2018-05-13 09:17:05.098] [sharedprocess] [info] Scanned user extensions: 0
[2018-05-13 09:22:05.103] [sharedprocess] [info] Scanned user extensions: 0
[2018-05-13 09:27:05.109] [sharedprocess] [info] Scanned user extensions: 0
[2018-05-13 09:32:05.115] [sharedprocess] [info] Scanned user extensions: 0
[2018-05-13 09:37:05.122] [sharedprocess] [info] Scanned user extensions: 0
[2018-05-13 09:42:05.137] [sharedprocess] [info] Scanned user extensions: 0
[2018-05-13 09:47:05.143] [sharedprocess] [info] Scanned user extensions: 0
[2018-05-13 09:52:05.149] [sharedprocess] [info] Scanned user extensions: 0
[2018-05-13 09:57:05.156] [sharedprocess] [info] Scanned user extensions: 0
[2018-05-13 10:02:05.162] [sharedprocess] [info] Scanned user extensions: 0
[2018-05-13 10:07:05.168] [sharedprocess] [info] Scanned user extensions: 0
[2018-05-13 10:12:05.545] [sharedprocess] [info] Scanned user extensions: 0
[2018-05-13 10:17:05.552] [sharedprocess] [info] Scanned user extensions: 0
[2018-05-13 10:22:05.559] [sharedprocess] [info] Scanned user extensions: 0
[2018-05-13 10:27:05.566] [sharedprocess] [info] Scanned user extensions: 0
[2018-05-13 10:32:05.572] [sharedprocess] [info] Scanned user extensions: 0
[2018-05-13 10:37:05.578] [sharedprocess] [info] Scanned user extensions: 0
[2018-05-13 10:42:05.584] [sharedprocess] [info] Scanned user extensions: 0
[2018-05-13 10:47:05.591] [sharedprocess] [info] Scanned user extensions: 0
[2018-05-13 10:52:05.597] [sharedprocess] [info] Scanned user extensions: 0
[2018-05-13 10:57:05.604] [sharedprocess] [info] Scanned user extensions: 0
[2018-05-13 11:02:05.610] [sharedprocess] [info] Scanned user extensions: 0
[2018-05-13 11:07:05.616] [sharedprocess] [info] Scanned user extensions: 0
[2018-05-13 11:12:06.050] [sharedprocess] [info] Scanned user extensions: 0
[2018-05-13 11:17:06.056] [sharedprocess] [info] Scanned user extensions: 0
[2018-05-13 11:22:06.063] [sharedprocess] [info] Scanned user extensions: 0
[2018-05-13 11:27:06.069] [sharedprocess] [info] Scanned user extensions: 0
[2018-05-13 11:32:06.078] [sharedprocess] [info] Scanned user extensions: 0
[2018-05-13 11:37:06.084] [sharedprocess] [info] Scanned user extensions: 0
[2018-05-13 11:42:06.091] [sharedprocess] [info] Scanned user extensions: 0
[2018-05-13 11:47:06.099] [sharedprocess] [info] Scanned user extensions: 0
[2018-05-13 11:52:06.105] [sharedprocess] [info] Scanned user extensions: 0
[2018-05-13 11:57:06.111] [sharedprocess] [info] Scanned user extensions: 0
[2018-05-13 12:02:06.117] [sharedprocess] [info] Scanned user extensions: 0
[2018-05-13 12:07:06.124] [sharedprocess] [info] Scanned user extensions: 0
[2018-05-13 12:12:06.530] [sharedprocess] [info] Scanned user extensions: 0
[2018-05-13 12:17:06.536] [sharedprocess] [info] Scanned user extensions: 0
[2018-05-13 12:22:06.542] [sharedprocess] [info] Scanned user extensions: 0
[2018-05-13 12:27:06.548] [sharedprocess] [info] Scanned user extensions: 0
[2018-05-13 12:32:06.555] [sharedprocess] [info] Scanned user extensions: 0
[2018-05-13 12:37:06.562] [sharedprocess] [info] Scanned user extensions: 0
[2018-05-13 12:42:06.568] [sharedprocess] [info] Scanned user extensions: 0
[2018-05-13 12:47:06.574] [sharedprocess] [info] Scanned user extensions: 0
[2018-05-13 12:52:06.594] [sharedprocess] [info] Scanned user extensions: 0
[2018-05-13 12:57:06.601] [sharedprocess] [info] Scanned user extensions: 0
[2018-05-13 13:02:06.607] [sharedprocess] [info] Scanned user extensions: 0
[2018-05-13 13:07:06.613] [sharedprocess] [info] Scanned user extensions: 0
[2018-05-13 13:12:06.992] [sharedprocess] [info] Scanned user extensions: 0
[2018-05-13 13:17:06.998] [sharedprocess] [info] Scanned user extensions: 0
[2018-05-13 13:22:07.004] [sharedprocess] [info] Scanned user extensions: 0
[2018-05-13 13:27:07.010] [sharedprocess] [info] Scanned user extensions: 0
[2018-05-13 13:32:07.017] [sharedprocess] [info] Scanned user extensions: 0
[2018-05-13 13:37:07.023] [sharedprocess] [info] Scanned user extensions: 0
[2018-05-13 13:42:07.031] [sharedprocess] [info] Scanned user extensions: 0
[2018-05-13 13:47:07.202] [sharedprocess] [info] Scanned user extensions: 0
[2018-05-13 13:52:07.224] [sharedprocess] [info] Scanned user extensions: 0
[2018-05-13 13:57:07.231] [sharedprocess] [info] Scanned user extensions: 0
[2018-05-13 14:02:07.237] [sharedprocess] [info] Scanned user extensions: 0
[2018-05-13 14:07:07.244] [sharedprocess] [info] Scanned user extensions: 0
[2018-05-13 14:12:07.618] [sharedprocess] [info] Scanned user extensions: 0
[2018-05-13 14:17:07.624] [sharedprocess] [info] Scanned user extensions: 0
[2018-05-13 14:22:07.631] [sharedprocess] [info] Scanned user extensions: 0
[2018-05-13 14:27:07.637] [sharedprocess] [info] Scanned user extensions: 0
[2018-05-13 14:32:07.643] [sharedprocess] [info] Scanned user extensions: 0
[2018-05-13 14:37:07.651] [sharedprocess] [info] Scanned user extensions: 0
[2018-05-13 14:42:07.657] [sharedprocess] [info] Scanned user extensions: 0
[2018-05-13 14:47:07.663] [sharedprocess] [info] Scanned user extensions: 0
[2018-05-13 14:52:07.669] [sharedprocess] [info] Scanned user extensions: 0
[2018-05-13 14:57:07.675] [sharedprocess] [info] Scanned user extensions: 0
[2018-05-13 15:02:07.681] [sharedprocess] [info] Scanned user extensions: 0
[2018-05-13 15:07:07.688] [sharedprocess] [info] Scanned user extensions: 0
[2018-05-13 15:12:08.116] [sharedprocess] [info] Scanned user extensions: 0
[2018-05-13 15:17:08.123] [sharedprocess] [info] Scanned user extensions: 0
[2018-05-13 15:22:08.129] [sharedprocess] [info] Scanned user extensions: 0
[2018-05-13 15:27:08.158] [sharedprocess] [info] Scanned user extensions: 0
[2018-05-13 15:32:08.164] [sharedprocess] [info] Scanned user extensions: 0
[2018-05-13 15:37:08.171] [sharedprocess] [info] Scanned user extensions: 0
[2018-05-13 15:42:08.177] [sharedprocess] [info] Scanned user extensions: 0
[2018-05-13 15:47:08.183] [sharedprocess] [info] Scanned user extensions: 0
[2018-05-13 15:52:08.246] [sharedprocess] [info] Scanned user extensions: 0
[2018-05-13 15:57:08.251] [sharedprocess] [info] Scanned user extensions: 0
[2018-05-13 16:02:08.259] [sharedprocess] [info] Scanned user extensions: 0
[2018-05-13 16:07:08.265] [sharedprocess] [info] Scanned user extensions: 0
[2018-05-13 16:12:08.657] [sharedprocess] [info] Scanned user extensions: 0
[2018-05-13 16:17:08.663] [sharedprocess] [info] Scanned user extensions: 0
[2018-05-13 16:22:08.670] [sharedprocess] [info] Scanned user extensions: 0
[2018-05-13 16:27:08.676] [sharedprocess] [info] Scanned user extensions: 0
[2018-05-13 16:32:08.682] [sharedprocess] [info] Scanned user extensions: 0
[2018-05-13 16:37:08.689] [sharedprocess] [info] Scanned user extensions: 0
[2018-05-13 16:42:08.695] [sharedprocess] [info] Scanned user extensions: 0
[2018-05-13 16:47:08.702] [sharedprocess] [info] Scanned user extensions: 0
[2018-05-13 16:52:08.708] [sharedprocess] [info] Scanned user extensions: 0
[2018-05-13 16:57:08.715] [sharedprocess] [info] Scanned user extensions: 0
[2018-05-13 17:02:08.721] [sharedprocess] [info] Scanned user extensions: 0
[2018-05-13 17:07:08.727] [sharedprocess] [info] Scanned user extensions: 0
[2018-05-13 17:12:09.138] [sharedprocess] [info] Scanned user extensions: 0
[2018-05-13 17:17:09.144] [sharedprocess] [info] Scanned user extensions: 0
[2018-05-13 17:22:09.150] [sharedprocess] [info] Scanned user extensions: 0
[2018-05-13 17:27:09.158] [sharedprocess] [info] Scanned user extensions: 0
[2018-05-13 17:32:09.164] [sharedprocess] [info] Scanned user extensions: 0
[2018-05-13 17:37:09.170] [sharedprocess] [info] Scanned user extensions: 0
[2018-05-13 17:42:09.176] [sharedprocess] [info] Scanned user extensions: 0
[2018-05-13 17:47:09.182] [sharedprocess] [info] Scanned user extensions: 0
[2018-05-13 17:52:09.189] [sharedprocess] [info] Scanned user extensions: 0
[2018-05-13 17:57:09.195] [sharedprocess] [info] Scanned user extensions: 0
[2018-05-13 18:02:09.202] [sharedprocess] [info] Scanned user extensions: 0
[2018-05-13 18:07:09.208] [sharedprocess] [info] Scanned user extensions: 0
[2018-05-13 18:12:09.630] [sharedprocess] [info] Scanned user extensions: 0
[2018-05-13 18:17:09.636] [sharedprocess] [info] Scanned user extensions: 0
[2018-05-13 18:22:09.642] [sharedprocess] [info] Scanned user extensions: 0
[2018-05-13 18:27:09.648] [sharedprocess] [info] Scanned user extensions: 0
[2018-05-13 18:32:09.658] [sharedprocess] [info] Scanned user extensions: 0
[2018-05-13 18:37:09.668] [sharedprocess] [info] Scanned user extensions: 0
[2018-05-13 18:42:09.674] [sharedprocess] [info] Scanned user extensions: 0
[2018-05-13 18:47:09.680] [sharedprocess] [info] Scanned user extensions: 0
[2018-05-13 18:52:09.689] [sharedprocess] [info] Scanned user extensions: 0
[2018-05-13 18:57:09.695] [sharedprocess] [info] Scanned user extensions: 0
[2018-05-13 19:02:09.701] [sharedprocess] [info] Scanned user extensions: 0
[2018-05-13 19:07:09.708] [sharedprocess] [info] Scanned user extensions: 0
[2018-05-13 19:12:10.146] [sharedprocess] [info] Scanned user extensions: 0
[2018-05-13 19:17:10.152] [sharedprocess] [info] Scanned user extensions: 0
[2018-05-13 19:22:10.158] [sharedprocess] [info] Scanned user extensions: 0
[2018-05-13 19:27:10.165] [sharedprocess] [info] Scanned user extensions: 0
[2018-05-13 19:32:10.171] [sharedprocess] [info] Scanned user extensions: 0
[2018-05-13 19:37:10.177] [sharedprocess] [info] Scanned user extensions: 0
[2018-05-13 19:42:10.183] [sharedprocess] [info] Scanned user extensions: 0
[2018-05-13 19:47:10.189] [sharedprocess] [info] Scanned user extensions: 0
[2018-05-13 19:52:10.196] [sharedprocess] [info] Scanned user extensions: 0
[2018-05-13 19:57:10.202] [sharedprocess] [info] Scanned user extensions: 0
[2018-05-13 20:02:10.208] [sharedprocess] [info] Scanned user extensions: 0
[2018-05-13 20:07:10.214] [sharedprocess] [info] Scanned user extensions: 0
[2018-05-13 20:12:10.593] [sharedprocess] [info] Scanned user extensions: 0
[2018-05-13 20:17:10.602] [sharedprocess] [info] Scanned user extensions: 0
[2018-05-13 20:22:10.608] [sharedprocess] [info] Scanned user extensions: 0
[2018-05-13 20:27:10.615] [sharedprocess] [info] Scanned user extensions: 0
[2018-05-13 20:32:10.621] [sharedprocess] [info] Scanned user extensions: 0
[2018-05-13 20:37:10.628] [sharedprocess] [info] Scanned user extensions: 0
[2018-05-13 20:42:10.635] [sharedprocess] [info] Scanned user extensions: 0
[2018-05-13 20:47:10.641] [sharedprocess] [info] Scanned user extensions: 0
[2018-05-13 20:52:10.647] [sharedprocess] [info] Scanned user extensions: 0
[2018-05-13 20:57:10.654] [sharedprocess] [info] Scanned user extensions: 0
[2018-05-13 21:02:10.660] [sharedprocess] [info] Scanned user extensions: 0
[2018-05-13 21:07:10.667] [sharedprocess] [info] Scanned user extensions: 0
[2018-05-13 21:12:11.185] [sharedprocess] [info] Scanned user extensions: 0
[2018-05-13 21:17:11.192] [sharedprocess] [info] Scanned user extensions: 0
[2018-05-13 21:22:11.199] [sharedprocess] [info] Scanned user extensions: 0
[2018-05-13 21:27:11.205] [sharedprocess] [info] Scanned user extensions: 0
[2018-05-13 21:32:11.211] [sharedprocess] [info] Scanned user extensions: 0
[2018-05-13 21:37:11.218] [sharedprocess] [info] Scanned user extensions: 0
[2018-05-13 21:42:11.225] [sharedprocess] [info] Scanned user extensions: 0
[2018-05-13 21:47:11.231] [sharedprocess] [info] Scanned user extensions: 0
[2018-05-13 21:52:11.238] [sharedprocess] [info] Scanned user extensions: 0
[2018-05-13 21:57:11.244] [sharedprocess] [info] Scanned user extensions: 0
[2018-05-13 22:02:11.250] [sharedprocess] [info] Scanned user extensions: 0
[2018-05-13 22:07:11.256] [sharedprocess] [info] Scanned user extensions: 0
[2018-05-13 22:12:11.626] [sharedprocess] [info] Scanned user extensions: 0
[2018-05-13 22:17:11.632] [sharedprocess] [info] Scanned user extensions: 0
[2018-05-13 22:22:11.638] [sharedprocess] [info] Scanned user extensions: 0
[2018-05-13 22:27:11.644] [sharedprocess] [info] Scanned user extensions: 0
[2018-05-13 22:32:11.651] [sharedprocess] [info] Scanned user extensions: 0
[2018-05-13 22:37:11.657] [sharedprocess] [info] Scanned user extensions: 0
[2018-05-13 22:42:11.663] [sharedprocess] [info] Scanned user extensions: 0
[2018-05-13 22:47:11.669] [sharedprocess] [info] Scanned user extensions: 0
[2018-05-13 22:52:11.676] [sharedprocess] [info] Scanned user extensions: 0
[2018-05-13 22:57:11.682] [sharedprocess] [info] Scanned user extensions: 0
[2018-05-13 23:02:11.688] [sharedprocess] [info] Scanned user extensions: 0
[2018-05-13 23:07:11.696] [sharedprocess] [info] Scanned user extensions: 0
[2018-05-13 23:12:12.050] [sharedprocess] [info] Scanned user extensions: 0
[2018-05-13 23:17:12.056] [sharedprocess] [info] Scanned user extensions: 0
[2018-05-13 23:22:12.062] [sharedprocess] [info] Scanned user extensions: 0
[2018-05-13 23:27:12.069] [sharedprocess] [info] Scanned user extensions: 0
[2018-05-13 23:32:12.075] [sharedprocess] [info] Scanned user extensions: 0
[2018-05-13 23:37:12.081] [sharedprocess] [info] Scanned user extensions: 0
